<?xml version="1.0" encoding="UTF-8"?>
<testng-results ignored="0" total="9" passed="9" failed="0" skipped="0">
  <reporter-output>
  </reporter-output>
  <suite started-at="2024-08-20T15:46:51 IST" name="Default suite" finished-at="2024-08-20T15:47:55 IST" duration-ms="63456">
    <groups>
      <group name="cucumber">
        <method signature="AbstractTestNGCucumberTests.runScenario(io.cucumber.testng.PickleWrapper,io.cucumber.testng.FeatureWrapper)[pri:0, instance:cucumberOptions.TestRunner2@3de8f619]" name="runScenario" class="io.cucumber.testng.AbstractTestNGCucumberTests"/>
      </group> <!-- cucumber -->
    </groups>
    <test started-at="2024-08-20T15:46:51 IST" name="Default test" finished-at="2024-08-20T15:47:55 IST" duration-ms="63456">
      <class name="cucumberOptions.TestRunner2">
        <test-method is-config="true" signature="setUpClass(org.testng.ITestContext)[pri:0, instance:cucumberOptions.TestRunner2@3de8f619]" started-at="2024-08-20T15:46:51 IST" name="setUpClass" finished-at="2024-08-20T15:46:52 IST" duration-ms="445" status="PASS">
          <params>
            <param index="0">
              <value>
                <![CDATA[org.testng.TestRunner@4c56644f]]>
              </value>
            </param>
          </params>
          <reporter-output>
          </reporter-output>
        </test-method> <!-- setUpClass -->
        <test-method signature="runScenario(io.cucumber.testng.PickleWrapper,io.cucumber.testng.FeatureWrapper)[pri:0, instance:cucumberOptions.TestRunner2@3de8f619]" started-at="2024-08-20T15:46:52 IST" name="runScenario" description="Runs Cucumber Scenarios" data-provider="scenarios" finished-at="2024-08-20T15:47:10 IST" duration-ms="18029" status="PASS">
          <params>
            <param index="0">
              <value>
                <![CDATA["Home page defult login"]]>
              </value>
            </param>
            <param index="1">
              <value>
                <![CDATA["Application login"]]>
              </value>
            </param>
          </params>
          <reporter-output>
          </reporter-output>
        </test-method> <!-- runScenario -->
        <test-method signature="runScenario(io.cucumber.testng.PickleWrapper,io.cucumber.testng.FeatureWrapper)[pri:0, instance:cucumberOptions.TestRunner2@3de8f619]" started-at="2024-08-20T15:47:10 IST" name="runScenario" description="Runs Cucumber Scenarios" data-provider="scenarios" finished-at="2024-08-20T15:47:18 IST" duration-ms="7868" status="PASS">
          <params>
            <param index="0">
              <value>
                <![CDATA["Catalalog page MenuBar"]]>
              </value>
            </param>
            <param index="1">
              <value>
                <![CDATA["Application login"]]>
              </value>
            </param>
          </params>
          <reporter-output>
          </reporter-output>
        </test-method> <!-- runScenario -->
        <test-method signature="runScenario(io.cucumber.testng.PickleWrapper,io.cucumber.testng.FeatureWrapper)[pri:0, instance:cucumberOptions.TestRunner2@3de8f619]" started-at="2024-08-20T15:47:18 IST" name="runScenario" description="Runs Cucumber Scenarios" data-provider="scenarios" finished-at="2024-08-20T15:47:23 IST" duration-ms="5293" status="PASS">
          <params>
            <param index="0">
              <value>
                <![CDATA["Product page MenuBar"]]>
              </value>
            </param>
            <param index="1">
              <value>
                <![CDATA["Application login"]]>
              </value>
            </param>
          </params>
          <reporter-output>
          </reporter-output>
        </test-method> <!-- runScenario -->
        <test-method signature="runScenario(io.cucumber.testng.PickleWrapper,io.cucumber.testng.FeatureWrapper)[pri:0, instance:cucumberOptions.TestRunner2@3de8f619]" started-at="2024-08-20T15:47:23 IST" name="runScenario" description="Runs Cucumber Scenarios" data-provider="scenarios" finished-at="2024-08-20T15:47:32 IST" duration-ms="8704" status="PASS">
          <params>
            <param index="0">
              <value>
                <![CDATA["Add New Product Details"]]>
              </value>
            </param>
            <param index="1">
              <value>
                <![CDATA["Application login"]]>
              </value>
            </param>
          </params>
          <reporter-output>
          </reporter-output>
        </test-method> <!-- runScenario -->
        <test-method signature="runScenario(io.cucumber.testng.PickleWrapper,io.cucumber.testng.FeatureWrapper)[pri:0, instance:cucumberOptions.TestRunner2@3de8f619]" started-at="2024-08-20T15:47:32 IST" name="runScenario" description="Runs Cucumber Scenarios" data-provider="scenarios" finished-at="2024-08-20T15:47:34 IST" duration-ms="1996" status="PASS">
          <params>
            <param index="0">
              <value>
                <![CDATA["Product Data Details"]]>
              </value>
            </param>
            <param index="1">
              <value>
                <![CDATA["Application login"]]>
              </value>
            </param>
          </params>
          <reporter-output>
          </reporter-output>
        </test-method> <!-- runScenario -->
        <test-method signature="runScenario(io.cucumber.testng.PickleWrapper,io.cucumber.testng.FeatureWrapper)[pri:0, instance:cucumberOptions.TestRunner2@3de8f619]" started-at="2024-08-20T15:47:34 IST" name="runScenario" description="Runs Cucumber Scenarios" data-provider="scenarios" finished-at="2024-08-20T15:47:41 IST" duration-ms="7120" status="PASS">
          <params>
            <param index="0">
              <value>
                <![CDATA["Add Order Details"]]>
              </value>
            </param>
            <param index="1">
              <value>
                <![CDATA["Application login"]]>
              </value>
            </param>
          </params>
          <reporter-output>
          </reporter-output>
        </test-method> <!-- runScenario -->
        <test-method signature="runScenario(io.cucumber.testng.PickleWrapper,io.cucumber.testng.FeatureWrapper)[pri:0, instance:cucumberOptions.TestRunner2@3de8f619]" started-at="2024-08-20T15:47:41 IST" name="runScenario" description="Runs Cucumber Scenarios" data-provider="scenarios" finished-at="2024-08-20T15:47:43 IST" duration-ms="2220" status="PASS">
          <params>
            <param index="0">
              <value>
                <![CDATA["Layouts Details"]]>
              </value>
            </param>
            <param index="1">
              <value>
                <![CDATA["Application login"]]>
              </value>
            </param>
          </params>
          <reporter-output>
          </reporter-output>
        </test-method> <!-- runScenario -->
        <test-method signature="runScenario(io.cucumber.testng.PickleWrapper,io.cucumber.testng.FeatureWrapper)[pri:0, instance:cucumberOptions.TestRunner2@3de8f619]" started-at="2024-08-20T15:47:43 IST" name="runScenario" description="Runs Cucumber Scenarios" data-provider="scenarios" finished-at="2024-08-20T15:47:49 IST" duration-ms="5944" status="PASS">
          <params>
            <param index="0">
              <value>
                <![CDATA["Returns Details;"]]>
              </value>
            </param>
            <param index="1">
              <value>
                <![CDATA["Application login"]]>
              </value>
            </param>
          </params>
          <reporter-output>
          </reporter-output>
        </test-method> <!-- runScenario -->
        <test-method signature="runScenario(io.cucumber.testng.PickleWrapper,io.cucumber.testng.FeatureWrapper)[pri:0, instance:cucumberOptions.TestRunner2@3de8f619]" started-at="2024-08-20T15:47:49 IST" name="runScenario" description="Runs Cucumber Scenarios" data-provider="scenarios" finished-at="2024-08-20T15:47:55 IST" duration-ms="5757" status="PASS">
          <params>
            <param index="0">
              <value>
                <![CDATA["AddCustomer Field Details:"]]>
              </value>
            </param>
            <param index="1">
              <value>
                <![CDATA["Application login"]]>
              </value>
            </param>
          </params>
          <reporter-output>
          </reporter-output>
        </test-method> <!-- runScenario -->
        <test-method is-config="true" signature="tearDownClass()[pri:0, instance:cucumberOptions.TestRunner2@3de8f619]" started-at="2024-08-20T15:47:55 IST" name="tearDownClass" finished-at="2024-08-20T15:47:55 IST" duration-ms="38" status="PASS">
          <reporter-output>
          </reporter-output>
        </test-method> <!-- tearDownClass -->
      </class> <!-- cucumberOptions.TestRunner2 -->
    </test> <!-- Default test -->
  </suite> <!-- Default suite -->
</testng-results>
